[System] Cleaning up 55 old temporary images...
 * Serving Flask app 'main'
 * Debug mode: off
INFO:src.score_fetcher:Fetching scores from 38 endpoints in parallel...
[DEBUG] Initializing Telegram Client on Loop: 4560652192
[DEBUG] Session Path: /Users/diegosargent/Downloads/PythonCode 2/dist/CapperSuite.app/user_session
INFO:telethon.network.mtprotosender:Connecting to 149.154.167.51:443/TcpFull...
INFO:telethon.network.mtprotosender:Connection to 149.154.167.51:443/TcpFull complete!
[DEBUG] Authorized: False
INFO:httpx:HTTP Request: GET https://igrhzymvzndnjkrhhhxe.supabase.co/rest/v1/capper_directory?select=id%2Ccanonical_name "HTTP/2 200 OK"
INFO:httpx:HTTP Request: GET https://igrhzymvzndnjkrhhhxe.supabase.co/rest/v1/capper_variants?select=capper_id%2Cvariant_name "HTTP/2 200 OK"
INFO:httpx:HTTP Request: GET https://igrhzymvzndnjkrhhhxe.supabase.co/rest/v1/leagues?select=id%2Cname%2Csport "HTTP/2 200 OK"
INFO:httpx:HTTP Request: GET https://igrhzymvzndnjkrhhhxe.supabase.co/rest/v1/bet_types?select=id%2Cname "HTTP/2 200 OK"
Cached: 426 Cappers, 33 Leagues, 12 Bet Types.
[DEBUG] Sending code to +34613451019...
INFO:telethon.client.users:Phone migrated to 4
INFO:telethon.client.telegrambaseclient:Reconnecting to new data center 4
INFO:telethon.network.mtprotosender:Disconnecting from 149.154.167.51:443/TcpFull...
INFO:telethon.network.mtprotosender:Disconnection from 149.154.167.51:443/TcpFull complete!
INFO:telethon.network.mtprotosender:Connecting to 149.154.167.92:443/TcpFull...
INFO:telethon.network.mtprotosender:Connection to 149.154.167.92:443/TcpFull complete!
[DEBUG] Code sent successfully.
INFO:src.score_fetcher:Fetching scores from 38 endpoints in parallel...
Fetching for Date: 2025-12-06
INFO:telethon.client.downloads:Starting direct file download in chunks of 131072 at 0, stride 131072
INFO:telethon.client.downloads:Starting direct file download in chunks of 131072 at 0, stride 131072
INFO:telethon.client.downloads:Starting direct file download in chunks of 131072 at 0, stride 131072
INFO:telethon.client.downloads:File lives in another DC
INFO:telethon.network.mtprotosender:Connecting to 149.154.167.51:443/TcpFull...
INFO:telethon.client.downloads:File lives in another DC
INFO:telethon.client.downloads:File lives in another DC
INFO:telethon.network.mtprotosender:Connection to 149.154.167.51:443/TcpFull complete!
INFO:telethon.client.telegrambaseclient:Exporting auth for new borrowed sender in DcOption(id=2, ip_address='149.154.167.51', port=443, ipv6=False, media_only=False, tcpo_only=False, cdn=False, static=False, this_port_only=False, secret=None)
INFO:telethon.client.downloads:Starting direct file download in chunks of 131072 at 0, stride 131072
INFO:telethon.client.downloads:Starting direct file download in chunks of 131072 at 0, stride 131072
INFO:telethon.client.downloads:File lives in another DC
INFO:telethon.client.downloads:File lives in another DC
INFO:telethon.client.downloads:Starting direct file download in chunks of 131072 at 0, stride 131072
INFO:telethon.client.downloads:File lives in another DC
INFO:telethon.client.downloads:Starting direct file download in chunks of 131072 at 0, stride 131072
INFO:telethon.client.downloads:File lives in another DC
INFO:telethon.client.downloads:Starting direct file download in chunks of 131072 at 0, stride 131072
INFO:telethon.client.downloads:File lives in another DC
INFO:telethon.client.downloads:Starting direct file download in chunks of 131072 at 0, stride 131072
INFO:telethon.client.downloads:File lives in another DC
INFO:telethon.client.downloads:Starting direct file download in chunks of 131072 at 0, stride 131072
INFO:telethon.client.downloads:File lives in another DC
INFO:telethon.client.downloads:Starting direct file download in chunks of 131072 at 0, stride 131072
INFO:telethon.client.downloads:File lives in another DC
INFO:telethon.client.downloads:Starting direct file download in chunks of 131072 at 0, stride 131072
INFO:telethon.client.downloads:Starting direct file download in chunks of 131072 at 0, stride 131072
INFO:telethon.client.downloads:Starting direct file download in chunks of 131072 at 0, stride 131072
INFO:telethon.client.downloads:File lives in another DC
INFO:telethon.client.downloads:File lives in another DC
INFO:telethon.client.downloads:File lives in another DC
INFO:telethon.client.downloads:Starting direct file download in chunks of 131072 at 0, stride 131072
INFO:telethon.client.downloads:Starting direct file download in chunks of 131072 at 0, stride 131072
INFO:telethon.client.downloads:Starting direct file download in chunks of 131072 at 0, stride 131072
INFO:telethon.client.downloads:File lives in another DC
INFO:telethon.client.downloads:File lives in another DC
INFO:telethon.client.downloads:File lives in another DC
INFO:telethon.client.downloads:Starting direct file download in chunks of 131072 at 0, stride 131072
INFO:telethon.client.downloads:Starting direct file download in chunks of 131072 at 0, stride 131072
INFO:telethon.client.downloads:File lives in another DC
INFO:telethon.client.downloads:File lives in another DC
INFO:telethon.client.downloads:Starting direct file download in chunks of 131072 at 0, stride 131072
INFO:telethon.client.downloads:Starting direct file download in chunks of 131072 at 0, stride 131072
INFO:telethon.client.downloads:File lives in another DC
INFO:telethon.client.downloads:File lives in another DC
INFO:telethon.client.downloads:Starting direct file download in chunks of 131072 at 0, stride 131072
INFO:telethon.client.downloads:File lives in another DC
INFO:telethon.client.downloads:Starting direct file download in chunks of 131072 at 0, stride 131072
INFO:telethon.client.downloads:Starting direct file download in chunks of 131072 at 0, stride 131072
INFO:telethon.client.downloads:File lives in another DC
INFO:telethon.client.downloads:File lives in another DC
INFO:telethon.client.downloads:Starting direct file download in chunks of 131072 at 0, stride 131072
INFO:telethon.client.downloads:Starting direct file download in chunks of 131072 at 0, stride 131072
INFO:telethon.client.downloads:File lives in another DC
INFO:telethon.client.downloads:File lives in another DC
INFO:telethon.client.downloads:Starting direct file download in chunks of 131072 at 0, stride 131072
INFO:telethon.client.downloads:File lives in another DC
INFO:telethon.client.downloads:Starting direct file download in chunks of 131072 at 0, stride 131072
INFO:telethon.client.downloads:File lives in another DC
INFO:telethon.client.downloads:Starting direct file download in chunks of 131072 at 0, stride 131072
INFO:telethon.client.downloads:File lives in another DC
INFO:telethon.client.downloads:Starting direct file download in chunks of 131072 at 0, stride 131072
INFO:telethon.client.downloads:Starting direct file download in chunks of 131072 at 0, stride 131072
INFO:telethon.client.downloads:File lives in another DC
INFO:telethon.client.downloads:File lives in another DC
INFO:telethon.client.downloads:Starting direct file download in chunks of 131072 at 0, stride 131072
INFO:telethon.client.downloads:File lives in another DC
INFO:telethon.client.downloads:Starting direct file download in chunks of 131072 at 0, stride 131072
INFO:telethon.client.downloads:Starting direct file download in chunks of 131072 at 0, stride 131072
INFO:telethon.client.downloads:Starting direct file download in chunks of 131072 at 0, stride 131072
INFO:telethon.client.downloads:File lives in another DC
INFO:telethon.client.downloads:File lives in another DC
INFO:telethon.client.downloads:File lives in another DC
INFO:telethon.client.downloads:Starting direct file download in chunks of 131072 at 0, stride 131072
INFO:telethon.client.downloads:File lives in another DC
INFO:telethon.client.downloads:Starting direct file download in chunks of 131072 at 0, stride 131072
INFO:telethon.client.downloads:File lives in another DC
INFO:telethon.client.downloads:Starting direct file download in chunks of 131072 at 0, stride 131072
INFO:telethon.client.downloads:File lives in another DC
INFO:telethon.client.downloads:Starting direct file download in chunks of 131072 at 0, stride 131072
INFO:telethon.client.downloads:File lives in another DC
INFO:telethon.client.downloads:Starting direct file download in chunks of 131072 at 0, stride 131072
INFO:telethon.client.downloads:Starting direct file download in chunks of 131072 at 0, stride 131072
INFO:telethon.client.downloads:File lives in another DC
INFO:telethon.client.downloads:File lives in another DC
INFO:telethon.client.downloads:Starting direct file download in chunks of 131072 at 0, stride 131072
INFO:telethon.client.downloads:File lives in another DC
INFO:telethon.client.downloads:Starting direct file download in chunks of 131072 at 0, stride 131072
INFO:telethon.client.downloads:File lives in another DC
INFO:telethon.client.downloads:Starting direct file download in chunks of 131072 at 0, stride 131072
INFO:telethon.client.downloads:File lives in another DC
INFO:telethon.client.downloads:Starting direct file download in chunks of 131072 at 0, stride 131072
INFO:telethon.client.downloads:Starting direct file download in chunks of 131072 at 0, stride 131072
INFO:telethon.client.downloads:File lives in another DC
INFO:telethon.client.downloads:File lives in another DC
INFO:telethon.client.downloads:Starting direct file download in chunks of 131072 at 0, stride 131072
INFO:telethon.client.downloads:File lives in another DC
INFO:telethon.client.downloads:Starting direct file download in chunks of 131072 at 0, stride 131072
INFO:telethon.client.downloads:File lives in another DC
INFO:telethon.client.downloads:Starting direct file download in chunks of 131072 at 0, stride 131072
INFO:telethon.client.downloads:File lives in another DC
INFO:telethon.client.downloads:Starting direct file download in chunks of 131072 at 0, stride 131072
INFO:telethon.client.downloads:File lives in another DC
INFO:telethon.client.downloads:Starting direct file download in chunks of 131072 at 0, stride 131072
INFO:telethon.client.downloads:File lives in another DC
INFO:telethon.client.downloads:Starting direct file download in chunks of 131072 at 0, stride 131072
INFO:telethon.client.downloads:File lives in another DC
INFO:telethon.client.downloads:Starting direct file download in chunks of 131072 at 0, stride 131072
INFO:telethon.client.downloads:File lives in another DC
INFO:telethon.client.downloads:Starting direct file download in chunks of 131072 at 0, stride 131072
INFO:telethon.client.downloads:File lives in another DC
INFO:telethon.client.downloads:Starting direct file download in chunks of 131072 at 0, stride 131072
INFO:telethon.client.downloads:File lives in another DC
INFO:telethon.client.downloads:Starting direct file download in chunks of 131072 at 0, stride 131072
INFO:telethon.client.downloads:File lives in another DC
INFO:telethon.client.downloads:Starting direct file download in chunks of 131072 at 0, stride 131072
INFO:telethon.client.downloads:File lives in another DC
INFO:telethon.client.downloads:Starting direct file download in chunks of 131072 at 0, stride 131072
INFO:telethon.client.downloads:File lives in another DC
INFO:telethon.client.downloads:Starting direct file download in chunks of 131072 at 0, stride 131072
INFO:telethon.client.downloads:File lives in another DC
INFO:telethon.client.downloads:Starting direct file download in chunks of 131072 at 0, stride 131072
INFO:telethon.client.downloads:File lives in another DC
INFO:telethon.client.downloads:Starting direct file download in chunks of 131072 at 0, stride 131072
INFO:telethon.client.downloads:File lives in another DC
INFO:telethon.client.downloads:Starting direct file download in chunks of 131072 at 0, stride 131072
INFO:telethon.client.downloads:File lives in another DC
INFO:telethon.client.downloads:Starting direct file download in chunks of 131072 at 0, stride 131072
INFO:telethon.client.downloads:Starting direct file download in chunks of 131072 at 0, stride 131072
INFO:telethon.client.downloads:File lives in another DC
INFO:telethon.client.downloads:File lives in another DC
INFO:telethon.client.downloads:Starting direct file download in chunks of 131072 at 0, stride 131072
INFO:telethon.client.downloads:File lives in another DC
INFO:telethon.client.downloads:Starting direct file download in chunks of 131072 at 0, stride 131072
INFO:telethon.client.downloads:File lives in another DC
INFO:telethon.client.downloads:Starting direct file download in chunks of 131072 at 0, stride 131072
INFO:telethon.client.downloads:File lives in another DC
INFO:telethon.client.downloads:Starting direct file download in chunks of 131072 at 0, stride 131072
INFO:telethon.client.downloads:Starting direct file download in chunks of 131072 at 0, stride 131072
INFO:telethon.client.downloads:File lives in another DC
INFO:telethon.client.downloads:File lives in another DC
INFO:telethon.client.downloads:Starting direct file download in chunks of 131072 at 0, stride 131072
INFO:telethon.client.downloads:File lives in another DC
INFO:telethon.client.downloads:Starting direct file download in chunks of 131072 at 0, stride 131072
INFO:telethon.client.downloads:File lives in another DC
INFO:telethon.client.downloads:Starting direct file download in chunks of 131072 at 0, stride 131072
INFO:telethon.client.downloads:File lives in another DC
INFO:telethon.client.downloads:Starting direct file download in chunks of 131072 at 0, stride 131072
INFO:telethon.client.downloads:File lives in another DC
INFO:telethon.client.downloads:Starting direct file download in chunks of 131072 at 0, stride 131072
INFO:telethon.client.downloads:Starting direct file download in chunks of 131072 at 0, stride 131072
INFO:telethon.client.downloads:File lives in another DC
INFO:telethon.client.downloads:File lives in another DC
INFO:telethon.client.downloads:Starting direct file download in chunks of 131072 at 0, stride 131072
INFO:telethon.client.downloads:File lives in another DC
INFO:telethon.client.downloads:Starting direct file download in chunks of 131072 at 0, stride 131072
INFO:telethon.client.downloads:Starting direct file download in chunks of 131072 at 0, stride 131072
INFO:telethon.client.downloads:File lives in another DC
INFO:telethon.client.downloads:Starting direct file download in chunks of 131072 at 0, stride 131072
INFO:telethon.client.downloads:File lives in another DC
INFO:telethon.client.downloads:File lives in another DC
INFO:telethon.client.downloads:Starting direct file download in chunks of 131072 at 0, stride 131072
INFO:telethon.client.downloads:Starting direct file download in chunks of 131072 at 0, stride 131072
INFO:telethon.client.downloads:File lives in another DC
INFO:telethon.client.downloads:File lives in another DC
INFO:telethon.client.downloads:Starting direct file download in chunks of 131072 at 0, stride 131072
INFO:telethon.client.downloads:File lives in another DC
INFO:telethon.client.downloads:Starting direct file download in chunks of 131072 at 0, stride 131072
INFO:telethon.client.downloads:Starting direct file download in chunks of 131072 at 0, stride 131072
INFO:telethon.client.downloads:File lives in another DC
INFO:telethon.client.downloads:File lives in another DC
INFO:telethon.client.downloads:Starting direct file download in chunks of 131072 at 0, stride 131072
INFO:telethon.client.downloads:Starting direct file download in chunks of 131072 at 0, stride 131072
INFO:telethon.client.downloads:File lives in another DC
INFO:telethon.client.downloads:File lives in another DC
INFO:telethon.client.downloads:Starting direct file download in chunks of 131072 at 0, stride 131072
INFO:telethon.client.downloads:File lives in another DC
INFO:telethon.client.downloads:Starting direct file download in chunks of 131072 at 0, stride 131072
INFO:telethon.client.downloads:Starting direct file download in chunks of 131072 at 0, stride 131072
INFO:telethon.client.downloads:File lives in another DC
INFO:telethon.client.downloads:File lives in another DC
INFO:telethon.client.downloads:Starting direct file download in chunks of 131072 at 0, stride 131072
INFO:telethon.client.downloads:File lives in another DC
INFO:telethon.client.downloads:Starting direct file download in chunks of 131072 at 0, stride 131072
INFO:telethon.client.downloads:File lives in another DC
INFO:telethon.client.downloads:Starting direct file download in chunks of 131072 at 0, stride 131072
INFO:telethon.client.downloads:File lives in another DC
INFO:telethon.client.downloads:Starting direct file download in chunks of 131072 at 0, stride 131072
INFO:telethon.client.downloads:File lives in another DC
INFO:telethon.client.downloads:Starting direct file download in chunks of 131072 at 0, stride 131072
INFO:telethon.client.downloads:Starting direct file download in chunks of 131072 at 0, stride 131072
INFO:telethon.client.downloads:File lives in another DC
INFO:telethon.client.downloads:File lives in another DC
INFO:telethon.client.downloads:Starting direct file download in chunks of 131072 at 0, stride 131072
INFO:telethon.client.downloads:File lives in another DC
INFO:telethon.client.downloads:Starting direct file download in chunks of 131072 at 0, stride 131072
INFO:telethon.client.downloads:Starting direct file download in chunks of 131072 at 0, stride 131072
INFO:telethon.client.downloads:File lives in another DC
INFO:telethon.client.downloads:File lives in another DC
INFO:telethon.client.downloads:Starting direct file download in chunks of 131072 at 0, stride 131072
INFO:telethon.client.downloads:File lives in another DC
INFO:telethon.client.downloads:Starting direct file download in chunks of 131072 at 0, stride 131072
INFO:telethon.client.downloads:File lives in another DC
INFO:telethon.client.downloads:Starting direct file download in chunks of 131072 at 0, stride 131072
INFO:telethon.client.downloads:File lives in another DC
INFO:telethon.client.downloads:Starting direct file download in chunks of 131072 at 0, stride 131072
INFO:telethon.client.downloads:File lives in another DC
INFO:telethon.client.downloads:Starting direct file download in chunks of 131072 at 0, stride 131072
INFO:telethon.client.downloads:File lives in another DC
INFO:telethon.client.downloads:Starting direct file download in chunks of 131072 at 0, stride 131072
INFO:telethon.client.downloads:File lives in another DC
INFO:telethon.client.downloads:Starting direct file download in chunks of 131072 at 0, stride 131072
INFO:telethon.client.downloads:Starting direct file download in chunks of 131072 at 0, stride 131072
INFO:telethon.client.downloads:File lives in another DC
INFO:telethon.client.downloads:File lives in another DC
INFO:telethon.client.downloads:Starting direct file download in chunks of 131072 at 0, stride 131072
INFO:telethon.client.downloads:File lives in another DC
INFO:telethon.client.downloads:Starting direct file download in chunks of 131072 at 0, stride 131072
INFO:telethon.client.downloads:File lives in another DC
INFO:telethon.client.downloads:Starting direct file download in chunks of 131072 at 0, stride 131072
INFO:telethon.client.downloads:Starting direct file download in chunks of 131072 at 0, stride 131072
INFO:telethon.client.downloads:File lives in another DC
INFO:telethon.client.downloads:File lives in another DC
INFO:telethon.client.downloads:Starting direct file download in chunks of 131072 at 0, stride 131072
INFO:telethon.client.downloads:File lives in another DC
INFO:telethon.client.downloads:Starting direct file download in chunks of 131072 at 0, stride 131072
INFO:telethon.client.downloads:File lives in another DC
INFO:telethon.client.downloads:Starting direct file download in chunks of 131072 at 0, stride 131072
INFO:telethon.client.downloads:File lives in another DC
INFO:telethon.client.downloads:Starting direct file download in chunks of 131072 at 0, stride 131072
INFO:telethon.client.downloads:File lives in another DC
INFO:telethon.client.downloads:Starting direct file download in chunks of 131072 at 0, stride 131072
INFO:telethon.client.downloads:Starting direct file download in chunks of 131072 at 0, stride 131072
INFO:telethon.client.downloads:File lives in another DC
INFO:telethon.client.downloads:File lives in another DC
INFO:telethon.client.downloads:Starting direct file download in chunks of 131072 at 0, stride 131072
INFO:telethon.client.downloads:File lives in another DC
INFO:telethon.client.downloads:Starting direct file download in chunks of 131072 at 0, stride 131072
INFO:telethon.client.downloads:File lives in another DC
INFO:telethon.client.downloads:Starting direct file download in chunks of 131072 at 0, stride 131072
INFO:telethon.client.downloads:File lives in another DC
INFO:telethon.client.downloads:Starting direct file download in chunks of 131072 at 0, stride 131072
INFO:telethon.client.downloads:File lives in another DC
INFO:telethon.client.downloads:Starting direct file download in chunks of 131072 at 0, stride 131072
INFO:telethon.client.downloads:File lives in another DC
INFO:telethon.client.downloads:Starting direct file download in chunks of 131072 at 0, stride 131072
INFO:telethon.client.downloads:File lives in another DC
INFO:telethon.client.downloads:Starting direct file download in chunks of 131072 at 0, stride 131072
INFO:telethon.client.downloads:File lives in another DC
INFO:telethon.client.downloads:Starting direct file download in chunks of 131072 at 0, stride 131072
INFO:telethon.client.downloads:Starting direct file download in chunks of 131072 at 0, stride 131072
INFO:telethon.client.downloads:File lives in another DC
INFO:telethon.client.downloads:File lives in another DC
INFO:telethon.client.downloads:Starting direct file download in chunks of 131072 at 0, stride 131072
INFO:telethon.client.downloads:File lives in another DC
INFO:telethon.client.downloads:Starting direct file download in chunks of 131072 at 0, stride 131072
INFO:telethon.client.downloads:Starting direct file download in chunks of 131072 at 0, stride 131072
INFO:telethon.client.downloads:File lives in another DC
INFO:telethon.client.downloads:File lives in another DC
WARNING:telethon.network.connection.connection:Server closed the connection: 0 bytes read on a total of 8 expected bytes
INFO:telethon.network.mtprotosender:Connection closed while receiving data: 0 bytes read on a total of 8 expected bytes
INFO:telethon.network.mtprotosender:Closing current connection to begin reconnect...
INFO:telethon.network.mtprotosender:Connecting to 149.154.167.51:443/TcpFull...
INFO:telethon.network.mtprotosender:Connection to 149.154.167.51:443/TcpFull complete!
INFO:telethon.client.telegrambaseclient:Disconnecting borrowed sender for DC 2
INFO:telethon.network.mtprotosender:Disconnecting from 149.154.167.51:443/TcpFull...
INFO:telethon.network.mtprotosender:Disconnection from 149.154.167.51:443/TcpFull complete!
WARNING:telethon.network.connection.connection:Server closed the connection: [Errno 54] Connection reset by peer
INFO:telethon.network.mtprotosender:Connection closed while receiving data: [Errno 54] Connection reset by peer
INFO:telethon.network.mtprotosender:Closing current connection to begin reconnect...
INFO:telethon.network.connection.connection:<class 'ConnectionResetError'> during disconnect: [Errno 54] Connection reset by peer
INFO:telethon.network.mtprotosender:Connecting to 149.154.167.92:443/TcpFull...
INFO:telethon.network.mtprotosender:Connection to 149.154.167.92:443/TcpFull complete!
INFO:telethon.client.updates:Got difference for channel 1206097796 updates
INFO:telethon.client.updates:Got difference for channel 1900292133 updates
INFO:telethon.client.updates:Got difference for channel 1305437934 updates
INFO:src.score_fetcher:Fetching scores from 38 endpoints in parallel...
[System] Cleaning up 128 old temporary images...
INFO:src.score_fetcher:Fetching scores from 38 endpoints in parallel...
Fetching for Date: 2025-12-07
INFO:telethon.client.downloads:Starting direct file download in chunks of 131072 at 0, stride 131072
INFO:telethon.client.downloads:Starting direct file download in chunks of 131072 at 0, stride 131072
INFO:telethon.client.downloads:File lives in another DC
INFO:telethon.network.mtprotosender:Connecting to 149.154.167.51:443/TcpFull...
INFO:telethon.client.downloads:Starting direct file download in chunks of 131072 at 0, stride 131072
INFO:telethon.client.downloads:File lives in another DC
INFO:telethon.network.mtprotosender:Connection to 149.154.167.51:443/TcpFull complete!
INFO:telethon.client.downloads:File lives in another DC
INFO:telethon.client.downloads:Starting direct file download in chunks of 131072 at 0, stride 131072
INFO:telethon.client.downloads:File lives in another DC
INFO:telethon.client.downloads:Starting direct file download in chunks of 131072 at 0, stride 131072
INFO:telethon.client.downloads:File lives in another DC
INFO:telethon.client.downloads:Starting direct file download in chunks of 131072 at 0, stride 131072
INFO:telethon.client.downloads:File lives in another DC
INFO:telethon.client.downloads:Starting direct file download in chunks of 131072 at 0, stride 131072
INFO:telethon.client.downloads:File lives in another DC
INFO:telethon.client.downloads:Starting direct file download in chunks of 131072 at 0, stride 131072
INFO:telethon.client.downloads:File lives in another DC
INFO:telethon.client.downloads:Starting direct file download in chunks of 131072 at 0, stride 131072
INFO:telethon.client.downloads:File lives in another DC
INFO:telethon.client.downloads:Starting direct file download in chunks of 131072 at 0, stride 131072
INFO:telethon.client.downloads:Starting direct file download in chunks of 131072 at 0, stride 131072
INFO:telethon.client.downloads:File lives in another DC
INFO:telethon.client.downloads:File lives in another DC
INFO:telethon.client.downloads:Starting direct file download in chunks of 131072 at 0, stride 131072
INFO:telethon.client.downloads:Starting direct file download in chunks of 131072 at 0, stride 131072
INFO:telethon.client.downloads:File lives in another DC
INFO:telethon.client.downloads:Starting direct file download in chunks of 131072 at 0, stride 131072
INFO:telethon.client.downloads:File lives in another DC
INFO:telethon.client.downloads:File lives in another DC
INFO:telethon.client.downloads:Starting direct file download in chunks of 131072 at 0, stride 131072
INFO:telethon.client.downloads:File lives in another DC
INFO:telethon.client.downloads:Starting direct file download in chunks of 131072 at 0, stride 131072
INFO:telethon.client.downloads:File lives in another DC
INFO:telethon.client.downloads:Starting direct file download in chunks of 131072 at 0, stride 131072
INFO:telethon.client.downloads:File lives in another DC
INFO:telethon.client.downloads:Starting direct file download in chunks of 131072 at 0, stride 131072
INFO:telethon.client.downloads:Starting direct file download in chunks of 131072 at 0, stride 131072
INFO:telethon.client.downloads:File lives in another DC
INFO:telethon.client.downloads:File lives in another DC
INFO:telethon.client.downloads:Starting direct file download in chunks of 131072 at 0, stride 131072
INFO:telethon.client.downloads:File lives in another DC
INFO:telethon.client.downloads:Starting direct file download in chunks of 131072 at 0, stride 131072
INFO:telethon.client.downloads:Starting direct file download in chunks of 131072 at 0, stride 131072
INFO:telethon.client.downloads:File lives in another DC
INFO:telethon.client.downloads:File lives in another DC
INFO:telethon.client.downloads:Starting direct file download in chunks of 131072 at 0, stride 131072
INFO:telethon.client.downloads:File lives in another DC
INFO:telethon.client.downloads:Starting direct file download in chunks of 131072 at 0, stride 131072
INFO:telethon.client.downloads:File lives in another DC
INFO:telethon.client.downloads:Starting direct file download in chunks of 131072 at 0, stride 131072
INFO:telethon.client.downloads:File lives in another DC
INFO:telethon.client.downloads:Starting direct file download in chunks of 131072 at 0, stride 131072
INFO:telethon.client.downloads:File lives in another DC
INFO:telethon.client.downloads:Starting direct file download in chunks of 131072 at 0, stride 131072
INFO:telethon.client.downloads:File lives in another DC
INFO:telethon.client.downloads:Starting direct file download in chunks of 131072 at 0, stride 131072
INFO:telethon.client.downloads:File lives in another DC
INFO:telethon.client.downloads:Starting direct file download in chunks of 131072 at 0, stride 131072
INFO:telethon.client.downloads:File lives in another DC
INFO:telethon.client.downloads:Starting direct file download in chunks of 131072 at 0, stride 131072
INFO:telethon.client.downloads:File lives in another DC
INFO:telethon.client.downloads:Starting direct file download in chunks of 131072 at 0, stride 131072
INFO:telethon.client.downloads:File lives in another DC
INFO:telethon.client.downloads:Starting direct file download in chunks of 131072 at 0, stride 131072
INFO:telethon.client.downloads:File lives in another DC
INFO:telethon.client.downloads:Starting direct file download in chunks of 131072 at 0, stride 131072
INFO:telethon.client.downloads:File lives in another DC
INFO:telethon.client.downloads:Starting direct file download in chunks of 131072 at 0, stride 131072
INFO:telethon.client.downloads:File lives in another DC
INFO:telethon.client.downloads:Starting direct file download in chunks of 131072 at 0, stride 131072
INFO:telethon.client.downloads:Starting direct file download in chunks of 131072 at 0, stride 131072
INFO:telethon.client.downloads:File lives in another DC
INFO:telethon.client.downloads:File lives in another DC
INFO:telethon.client.downloads:Starting direct file download in chunks of 131072 at 0, stride 131072
INFO:telethon.client.downloads:File lives in another DC
INFO:telethon.client.downloads:Starting direct file download in chunks of 131072 at 0, stride 131072
INFO:telethon.client.downloads:File lives in another DC
INFO:telethon.client.downloads:Starting direct file download in chunks of 131072 at 0, stride 131072
INFO:telethon.client.downloads:File lives in another DC
INFO:telethon.client.downloads:Starting direct file download in chunks of 131072 at 0, stride 131072
INFO:telethon.client.downloads:Starting direct file download in chunks of 131072 at 0, stride 131072
INFO:telethon.client.downloads:File lives in another DC
INFO:telethon.client.downloads:File lives in another DC
INFO:telethon.client.downloads:Starting direct file download in chunks of 131072 at 0, stride 131072
INFO:telethon.client.downloads:Starting direct file download in chunks of 131072 at 0, stride 131072
INFO:telethon.client.downloads:File lives in another DC
INFO:telethon.client.downloads:File lives in another DC
INFO:telethon.client.downloads:Starting direct file download in chunks of 131072 at 0, stride 131072
INFO:telethon.client.downloads:File lives in another DC
INFO:telethon.client.downloads:Starting direct file download in chunks of 131072 at 0, stride 131072
INFO:telethon.client.downloads:Starting direct file download in chunks of 131072 at 0, stride 131072
INFO:telethon.client.downloads:File lives in another DC
INFO:telethon.client.downloads:File lives in another DC
INFO:telethon.client.downloads:Starting direct file download in chunks of 131072 at 0, stride 131072
INFO:telethon.client.downloads:File lives in another DC
INFO:telethon.client.downloads:Starting direct file download in chunks of 131072 at 0, stride 131072
INFO:telethon.client.downloads:Starting direct file download in chunks of 131072 at 0, stride 131072
INFO:telethon.client.downloads:File lives in another DC
INFO:telethon.client.downloads:File lives in another DC
INFO:telethon.client.downloads:Starting direct file download in chunks of 131072 at 0, stride 131072
INFO:telethon.client.downloads:File lives in another DC
INFO:telethon.client.downloads:Starting direct file download in chunks of 131072 at 0, stride 131072
INFO:telethon.client.downloads:File lives in another DC
INFO:telethon.client.downloads:Starting direct file download in chunks of 131072 at 0, stride 131072
INFO:telethon.client.downloads:File lives in another DC
INFO:telethon.client.downloads:Starting direct file download in chunks of 131072 at 0, stride 131072
INFO:telethon.client.downloads:File lives in another DC
INFO:telethon.client.downloads:Starting direct file download in chunks of 131072 at 0, stride 131072
INFO:telethon.client.downloads:File lives in another DC
INFO:telethon.client.downloads:Starting direct file download in chunks of 131072 at 0, stride 131072
INFO:telethon.client.downloads:Starting direct file download in chunks of 131072 at 0, stride 131072
INFO:telethon.client.downloads:File lives in another DC
INFO:telethon.client.downloads:Starting direct file download in chunks of 131072 at 0, stride 131072
INFO:telethon.client.downloads:File lives in another DC
INFO:telethon.client.downloads:File lives in another DC
INFO:telethon.client.downloads:Starting direct file download in chunks of 131072 at 0, stride 131072
INFO:telethon.client.downloads:File lives in another DC
INFO:telethon.client.downloads:Starting direct file download in chunks of 131072 at 0, stride 131072
INFO:telethon.client.downloads:File lives in another DC
INFO:telethon.client.downloads:Starting direct file download in chunks of 131072 at 0, stride 131072
INFO:telethon.client.downloads:File lives in another DC
INFO:telethon.client.downloads:Starting direct file download in chunks of 131072 at 0, stride 131072
INFO:telethon.client.downloads:File lives in another DC
WARNING:telethon.network.connection.connection:Server closed the connection: 0 bytes read on a total of 8 expected bytes
INFO:telethon.network.mtprotosender:Connection closed while receiving data: 0 bytes read on a total of 8 expected bytes
INFO:telethon.network.mtprotosender:Closing current connection to begin reconnect...
INFO:telethon.network.mtprotosender:Connecting to 149.154.167.51:443/TcpFull...
INFO:telethon.network.mtprotosender:Connection to 149.154.167.51:443/TcpFull complete!
INFO:telethon.client.telegrambaseclient:Disconnecting borrowed sender for DC 2
INFO:telethon.network.mtprotosender:Disconnecting from 149.154.167.51:443/TcpFull...
INFO:telethon.network.mtprotosender:Disconnection from 149.154.167.51:443/TcpFull complete!
INFO:telethon.client.updates:Got difference for channel 2066008165 updates
WARNING:telethon.network.connection.connection:Server closed the connection: [Errno 54] Connection reset by peer
INFO:telethon.network.mtprotosender:Connection closed while receiving data: [Errno 54] Connection reset by peer
INFO:telethon.network.mtprotosender:Closing current connection to begin reconnect...
INFO:telethon.network.connection.connection:<class 'ConnectionResetError'> during disconnect: [Errno 54] Connection reset by peer
INFO:telethon.network.mtprotosender:Connecting to 149.154.167.92:443/TcpFull...
INFO:telethon.network.mtprotosender:Connection to 149.154.167.92:443/TcpFull complete!
WARNING:telethon.network.connection.connection:Server closed the connection: [Errno 54] Connection reset by peer
INFO:telethon.network.mtprotosender:Connection closed while receiving data: [Errno 54] Connection reset by peer
INFO:telethon.network.mtprotosender:Closing current connection to begin reconnect...
INFO:telethon.network.connection.connection:<class 'ConnectionResetError'> during disconnect: [Errno 54] Connection reset by peer
INFO:telethon.network.mtprotosender:Connecting to 149.154.167.92:443/TcpFull...
INFO:telethon.network.mtprotosender:Connection to 149.154.167.92:443/TcpFull complete!
INFO:telethon.client.updates:Got difference for channel 1202351974 updates
INFO:telethon.client.updates:Got difference for channel 1598078987 updates
INFO:telethon.client.updates:Got difference for channel 2057463065 updates
INFO:telethon.client.updates:Got difference for channel 1560546587 updates
INFO:telethon.client.updates:Got difference for channel 1206097796 updates
INFO:telethon.client.updates:Got difference for channel 1900292133 updates
WARNING:telethon.network.connection.connection:Server closed the connection: 0 bytes read on a total of 8 expected bytes
INFO:telethon.network.mtprotosender:Connection closed while receiving data: 0 bytes read on a total of 8 expected bytes
INFO:telethon.network.mtprotosender:Closing current connection to begin reconnect...
INFO:telethon.network.mtprotosender:Connecting to 149.154.167.92:443/TcpFull...
INFO:telethon.network.mtprotosender:Connection to 149.154.167.92:443/TcpFull complete!
INFO:telethon.client.updates:Got difference for channel 2066008165 updates
WARNING:telethon.network.connection.connection:Server closed the connection: 0 bytes read on a total of 8 expected bytes
INFO:telethon.network.mtprotosender:Connection closed while receiving data: 0 bytes read on a total of 8 expected bytes
INFO:telethon.network.mtprotosender:Closing current connection to begin reconnect...
INFO:telethon.network.mtprotosender:Connecting to 149.154.167.92:443/TcpFull...
INFO:telethon.network.mtprotosender:Connection to 149.154.167.92:443/TcpFull complete!
WARNING:telethon.network.connection.connection:Server closed the connection: 0 bytes read on a total of 8 expected bytes
INFO:telethon.network.mtprotosender:Connection closed while receiving data: 0 bytes read on a total of 8 expected bytes
INFO:telethon.network.mtprotosender:Closing current connection to begin reconnect...
INFO:telethon.network.mtprotosender:Connecting to 149.154.167.92:443/TcpFull...
INFO:telethon.network.mtprotosender:Connection to 149.154.167.92:443/TcpFull complete!
WARNING:telethon.network.connection.connection:Server closed the connection: 0 bytes read on a total of 8 expected bytes
INFO:telethon.network.mtprotosender:Connection closed while receiving data: 0 bytes read on a total of 8 expected bytes
INFO:telethon.network.mtprotosender:Closing current connection to begin reconnect...
INFO:telethon.network.mtprotosender:Connecting to 149.154.167.92:443/TcpFull...
INFO:telethon.network.mtprotosender:Connection to 149.154.167.92:443/TcpFull complete!
WARNING:telethon.network.connection.connection:Server closed the connection: 0 bytes read on a total of 8 expected bytes
INFO:telethon.network.mtprotosender:Connection closed while receiving data: 0 bytes read on a total of 8 expected bytes
INFO:telethon.network.mtprotosender:Closing current connection to begin reconnect...
INFO:telethon.network.mtprotosender:Connecting to 149.154.167.92:443/TcpFull...
INFO:telethon.network.mtprotosender:Connection to 149.154.167.92:443/TcpFull complete!
WARNING:telethon.network.connection.connection:Server closed the connection: [Errno 54] Connection reset by peer
INFO:telethon.network.mtprotosender:Connection closed while receiving data: [Errno 54] Connection reset by peer
INFO:telethon.network.mtprotosender:Closing current connection to begin reconnect...
INFO:telethon.network.connection.connection:<class 'ConnectionResetError'> during disconnect: [Errno 54] Connection reset by peer
INFO:telethon.network.mtprotosender:Connecting to 149.154.167.92:443/TcpFull...
INFO:telethon.network.mtprotosender:Connection to 149.154.167.92:443/TcpFull complete!
WARNING:telethon.network.connection.connection:Server closed the connection: [Errno 54] Connection reset by peer
INFO:telethon.network.mtprotosender:Connection closed while receiving data: [Errno 54] Connection reset by peer
INFO:telethon.network.mtprotosender:Closing current connection to begin reconnect...
INFO:telethon.network.connection.connection:<class 'ConnectionResetError'> during disconnect: [Errno 54] Connection reset by peer
INFO:telethon.network.mtprotosender:Connecting to 149.154.167.92:443/TcpFull...
INFO:telethon.network.mtprotosender:Connection to 149.154.167.92:443/TcpFull complete!
INFO:telethon.client.updates:Got difference for account updates
WARNING:telethon.network.connection.connection:Server closed the connection: [Errno 54] Connection reset by peer
INFO:telethon.network.mtprotosender:Connection closed while receiving data: [Errno 54] Connection reset by peer
INFO:telethon.network.mtprotosender:Closing current connection to begin reconnect...
INFO:telethon.network.connection.connection:<class 'ConnectionResetError'> during disconnect: [Errno 54] Connection reset by peer
INFO:telethon.network.mtprotosender:Connecting to 149.154.167.92:443/TcpFull...
INFO:telethon.network.mtprotosender:Connection to 149.154.167.92:443/TcpFull complete!
WARNING:telethon.network.connection.connection:Server closed the connection: [Errno 54] Connection reset by peer
INFO:telethon.network.mtprotosender:Connection closed while receiving data: [Errno 54] Connection reset by peer
INFO:telethon.network.mtprotosender:Closing current connection to begin reconnect...
INFO:telethon.network.connection.connection:<class 'ConnectionResetError'> during disconnect: [Errno 54] Connection reset by peer
INFO:telethon.network.mtprotosender:Connecting to 149.154.167.92:443/TcpFull...
INFO:telethon.network.mtprotosender:Connection to 149.154.167.92:443/TcpFull complete!
INFO:telethon.client.updates:Got difference for channel 2027935884 updates
INFO:telethon.network.mtprotosender:Closing current connection to begin reconnect...
INFO:telethon.network.mtprotosender:Connecting to 149.154.167.92:443/TcpFull...
WARNING:telethon.network.mtprotosender:Attempt 1 at connecting failed: OSError: [Errno 51] Network is unreachable
WARNING:telethon.network.mtprotosender:Attempt 2 at connecting failed: OSError: [Errno 51] Network is unreachable
WARNING:telethon.network.mtprotosender:Attempt 3 at connecting failed: OSError: [Errno 51] Network is unreachable
WARNING:telethon.network.mtprotosender:Attempt 4 at connecting failed: OSError: [Errno 51] Network is unreachable
WARNING:telethon.network.mtprotosender:Attempt 5 at connecting failed: OSError: [Errno 51] Network is unreachable
WARNING:telethon.network.mtprotosender:Attempt 6 at connecting failed: OSError: [Errno 51] Network is unreachable
INFO:telethon.network.mtprotosender:Failed reconnection attempt 1 with ConnectionError
INFO:telethon.network.mtprotosender:Connecting to 149.154.167.92:443/TcpFull...
WARNING:telethon.network.mtprotosender:Attempt 1 at connecting failed: OSError: [Errno 51] Network is unreachable
WARNING:telethon.network.mtprotosender:Attempt 2 at connecting failed: OSError: [Errno 51] Network is unreachable
WARNING:telethon.network.mtprotosender:Attempt 3 at connecting failed: OSError: [Errno 51] Network is unreachable
WARNING:telethon.network.mtprotosender:Attempt 4 at connecting failed: OSError: [Errno 51] Network is unreachable
WARNING:telethon.network.mtprotosender:Attempt 5 at connecting failed: OSError: [Errno 51] Network is unreachable
WARNING:telethon.network.mtprotosender:Attempt 6 at connecting failed: OSError: [Errno 51] Network is unreachable
INFO:telethon.network.mtprotosender:Failed reconnection attempt 2 with ConnectionError
INFO:telethon.network.mtprotosender:Connecting to 149.154.167.92:443/TcpFull...
WARNING:telethon.network.mtprotosender:Attempt 1 at connecting failed: OSError: [Errno 51] Network is unreachable
WARNING:telethon.network.mtprotosender:Attempt 2 at connecting failed: OSError: [Errno 51] Network is unreachable
WARNING:telethon.network.mtprotosender:Attempt 3 at connecting failed: OSError: [Errno 51] Network is unreachable
WARNING:telethon.network.mtprotosender:Attempt 4 at connecting failed: OSError: [Errno 51] Network is unreachable
WARNING:telethon.network.mtprotosender:Attempt 5 at connecting failed: OSError: [Errno 51] Network is unreachable
WARNING:telethon.network.mtprotosender:Attempt 6 at connecting failed: OSError: [Errno 51] Network is unreachable
INFO:telethon.network.mtprotosender:Failed reconnection attempt 3 with ConnectionError
INFO:telethon.network.mtprotosender:Connecting to 149.154.167.92:443/TcpFull...
WARNING:telethon.network.mtprotosender:Attempt 1 at connecting failed: OSError: [Errno 51] Network is unreachable
WARNING:telethon.network.mtprotosender:Attempt 2 at connecting failed: OSError: [Errno 51] Network is unreachable
WARNING:telethon.network.mtprotosender:Attempt 3 at connecting failed: OSError: [Errno 51] Network is unreachable
WARNING:telethon.network.mtprotosender:Attempt 4 at connecting failed: OSError: [Errno 51] Network is unreachable
WARNING:telethon.network.mtprotosender:Attempt 5 at connecting failed: OSError: [Errno 51] Network is unreachable
WARNING:telethon.network.mtprotosender:Attempt 6 at connecting failed: OSError: [Errno 51] Network is unreachable
INFO:telethon.network.mtprotosender:Failed reconnection attempt 4 with ConnectionError
INFO:telethon.network.mtprotosender:Connecting to 149.154.167.92:443/TcpFull...
WARNING:telethon.network.mtprotosender:Attempt 1 at connecting failed: OSError: [Errno 51] Network is unreachable
WARNING:telethon.network.mtprotosender:Attempt 2 at connecting failed: OSError: [Errno 51] Network is unreachable
WARNING:telethon.network.mtprotosender:Attempt 3 at connecting failed: OSError: [Errno 51] Network is unreachable
WARNING:telethon.network.mtprotosender:Attempt 4 at connecting failed: OSError: [Errno 51] Network is unreachable
WARNING:telethon.network.mtprotosender:Attempt 5 at connecting failed: OSError: [Errno 51] Network is unreachable
WARNING:telethon.network.mtprotosender:Attempt 6 at connecting failed: OSError: [Errno 51] Network is unreachable
INFO:telethon.network.mtprotosender:Failed reconnection attempt 5 with ConnectionError
ERROR:telethon.network.mtprotosender:Automatic reconnection failed 5 time(s)
INFO:telethon.network.mtprotosender:Disconnecting from 149.154.167.92:443/TcpFull...
INFO:telethon.network.mtprotosender:Disconnection from 149.154.167.92:443/TcpFull complete!
ERROR:asyncio:Future exception was never retrieved
future: <Future finished exception=ConnectionError('Connection to Telegram failed 5 time(s)')>
ConnectionError: Connection to Telegram failed 5 time(s)
Window closed. Exiting...
